2024-11-12T00:02:45.079+05:30  WARN 72078 --- [AppPractice] [HikariPool-1 housekeeper] com.zaxxer.hikari.pool.HikariPool        : HikariPool-1 - Thread starvation or clock leap detected (housekeeper delta=2m53s56ms).
2024-11-12T00:23:15.222+05:30  WARN 72078 --- [AppPractice] [HikariPool-1 housekeeper] com.zaxxer.hikari.pool.HikariPool        : HikariPool-1 - Thread starvation or clock leap detected (housekeeper delta=20m17ms).
2024-11-12T00:33:53.148+05:30  WARN 72078 --- [AppPractice] [HikariPool-1 housekeeper] com.zaxxer.hikari.pool.HikariPool        : HikariPool-1 - Thread starvation or clock leap detected (housekeeper delta=10m37s925ms).
2024-11-12T00:47:48.626+05:30  WARN 72078 --- [AppPractice] [HikariPool-1 housekeeper] com.zaxxer.hikari.pool.HikariPool        : HikariPool-1 - Thread starvation or clock leap detected (housekeeper delta=13m55s479ms).
2024-11-12T01:11:03.736+05:30  WARN 72078 --- [AppPractice] [HikariPool-1 housekeeper] com.zaxxer.hikari.pool.HikariPool        : HikariPool-1 - Thread starvation or clock leap detected (housekeeper delta=23m15s110ms).
2024-11-12T03:23:29.143+05:30  WARN 72078 --- [AppPractice] [HikariPool-1 housekeeper] com.zaxxer.hikari.pool.HikariPool        : HikariPool-1 - Thread starvation or clock leap detected (housekeeper delta=2h11m49s140ms).
2024-11-12T04:54:14.651+05:30  WARN 72078 --- [AppPractice] [HikariPool-1 housekeeper] com.zaxxer.hikari.pool.HikariPool        : HikariPool-1 - Thread starvation or clock leap detected (housekeeper delta=1h30m45s509ms).
2024-11-12T05:07:41.310+05:30  WARN 72078 --- [AppPractice] [HikariPool-1 housekeeper] com.zaxxer.hikari.pool.HikariPool        : HikariPool-1 - Thread starvation or clock leap detected (housekeeper delta=13m26s660ms).
2024-11-12T06:08:30.936+05:30  WARN 72078 --- [AppPractice] [HikariPool-1 housekeeper] com.zaxxer.hikari.pool.HikariPool        : HikariPool-1 - Thread starvation or clock leap detected (housekeeper delta=1h49s626ms).
2024-11-12T07:08:11.550+05:30  WARN 72078 --- [AppPractice] [HikariPool-1 housekeeper] com.zaxxer.hikari.pool.HikariPool        : HikariPool-1 - Thread starvation or clock leap detected (housekeeper delta=59m40s607ms).
2024-11-12T07:09:42.197+05:30  WARN 72078 --- [AppPractice] [HikariPool-1 housekeeper] com.zaxxer.hikari.pool.HikariPool        : HikariPool-1 - Thread starvation or clock leap detected (housekeeper delta=1m30s652ms).
2024-11-12T08:26:49.612+05:30  WARN 72078 --- [AppPractice] [HikariPool-1 housekeeper] com.zaxxer.hikari.pool.HikariPool        : HikariPool-1 - Thread starvation or clock leap detected (housekeeper delta=1h16m37s389ms).
2024-11-12T08:53:26.952+05:30  WARN 72078 --- [AppPractice] [HikariPool-1 housekeeper] com.zaxxer.hikari.pool.HikariPool        : HikariPool-1 - Thread starvation or clock leap detected (housekeeper delta=26m37s341ms).
2024-11-12T09:11:27.350+05:30  WARN 72078 --- [AppPractice] [HikariPool-1 housekeeper] com.zaxxer.hikari.pool.HikariPool        : HikariPool-1 - Thread starvation or clock leap detected (housekeeper delta=18m397ms).
2024-11-12T09:28:10.577+05:30  WARN 72078 --- [AppPractice] [HikariPool-1 housekeeper] com.zaxxer.hikari.pool.HikariPool        : HikariPool-1 - Thread starvation or clock leap detected (housekeeper delta=16m43s227ms).
2024-11-12T10:29:23.116+05:30  WARN 72078 --- [AppPractice] [HikariPool-1 housekeeper] com.zaxxer.hikari.pool.HikariPool        : HikariPool-1 - Thread starvation or clock leap detected (housekeeper delta=1h12s522ms).
2024-11-12T11:13:24.205+05:30  WARN 72078 --- [AppPractice] [HikariPool-1 housekeeper] com.zaxxer.hikari.pool.HikariPool        : HikariPool-1 - Thread starvation or clock leap detected (housekeeper delta=44m1s89ms).
2024-11-12T12:14:34.906+05:30  WARN 72078 --- [AppPractice] [HikariPool-1 housekeeper] com.zaxxer.hikari.pool.HikariPool        : HikariPool-1 - Thread starvation or clock leap detected (housekeeper delta=1h1m10s702ms).
2024-11-12T13:34:37.204+05:30  WARN 72078 --- [AppPractice] [HikariPool-1 housekeeper] com.zaxxer.hikari.pool.HikariPool        : HikariPool-1 - Thread starvation or clock leap detected (housekeeper delta=1h20m2s297ms).
2024-11-12T13:40:37.420+05:30  WARN 72078 --- [AppPractice] [HikariPool-1 housekeeper] com.zaxxer.hikari.pool.HikariPool        : HikariPool-1 - Thread starvation or clock leap detected (housekeeper delta=6m216ms).
2024-11-12T13:41:17.903+05:30  INFO 72078 --- [AppPractice] [SpringApplicationShutdownHook] j.LocalContainerEntityManagerFactoryBean : Closing JPA EntityManagerFactory for persistence unit 'default'
2024-11-12T13:41:17.942+05:30  INFO 72078 --- [AppPractice] [SpringApplicationShutdownHook] com.zaxxer.hikari.HikariDataSource       : HikariPool-1 - Shutdown initiated...
2024-11-12T13:41:17.968+05:30  INFO 72078 --- [AppPractice] [SpringApplicationShutdownHook] com.zaxxer.hikari.HikariDataSource       : HikariPool-1 - Shutdown completed.
